2022-11-28 15:22:52,979:INFO:PyCaret Supervised Module
2022-11-28 15:22:52,979:INFO:ML Usecase: classification
2022-11-28 15:22:52,979:INFO:version 2.3.8
2022-11-28 15:22:52,979:INFO:Initializing setup()
2022-11-28 15:22:52,979:INFO:setup(target=user_sentiment, ml_usecase=classification, available_plots={'parameter': 'Hyperparameters', 'auc': 'AUC', 'confusion_matrix': 'Confusion Matrix', 'threshold': 'Threshold', 'pr': 'Precision Recall', 'error': 'Prediction Error', 'class_report': 'Class Report', 'rfe': 'Feature Selection', 'learning': 'Learning Curve', 'manifold': 'Manifold Learning', 'calibration': 'Calibration Curve', 'vc': 'Validation Curve', 'dimension': 'Dimensions', 'feature': 'Feature Importance', 'feature_all': 'Feature Importance (All)', 'boundary': 'Decision Boundary', 'lift': 'Lift Chart', 'gain': 'Gain Chart', 'tree': 'Decision Tree', 'ks': 'KS Statistic Plot'}, train_size=0.7, test_data=None, preprocess=True, imputation_type=simple, iterative_imputation_iters=5, categorical_features=None, categorical_imputation=constant, categorical_iterative_imputer=lightgbm, ordinal_features=None, high_cardinality_features=None, high_cardinality_method=frequency, numeric_features=None, numeric_imputation=mean, numeric_iterative_imputer=lightgbm, date_features=['reviews_text_cleaned'], ignore_features=['id', 'name', 'reviews_full_text', 'reviews_text'], normalize=True, normalize_method=zscore, transformation=True, transformation_method=yeo-johnson, handle_unknown_categorical=True, unknown_categorical_method=least_frequent, pca=False, pca_method=linear, pca_components=None, ignore_low_variance=True, combine_rare_levels=False, rare_level_threshold=0.1, bin_numeric_features=None, remove_outliers=False, outliers_threshold=0.05, remove_multicollinearity=True, multicollinearity_threshold=0.95, remove_perfect_collinearity=True, create_clusters=False, cluster_iter=20, polynomial_features=False, polynomial_degree=2, trigonometry_features=False, polynomial_threshold=0.1, group_features=None, group_names=None, feature_selection=False, feature_selection_threshold=0.8, feature_selection_method=classic, feature_interaction=False, feature_ratio=False, interaction_threshold=0.01, fix_imbalance=True, fix_imbalance_method=None, transform_target=False, transform_target_method=box-cox, data_split_shuffle=True, data_split_stratify=False, fold_strategy=stratifiedkfold, fold=10, fold_shuffle=True, fold_groups=None, n_jobs=-1, use_gpu=True, custom_pipeline=None, html=True, session_id=42, log_experiment=True, experiment_name=model_exp02, experiment_custom_tags=None, log_plots=['auc', 'confusion_matrix', 'feature'], log_profile=False, log_data=True, silent=True, verbose=True, profile=False, profile_kwargs=None, display=None)
2022-11-28 15:22:52,979:INFO:Checking environment
2022-11-28 15:22:52,979:INFO:python_version: 3.8.12
2022-11-28 15:22:52,979:INFO:python_build: ('default', 'Oct 12 2021 21:59:51')
2022-11-28 15:22:52,979:INFO:machine: x86_64
2022-11-28 15:22:52,979:INFO:platform: Linux-5.4.0-97-generic-x86_64-with-glibc2.10
2022-11-28 15:22:52,980:INFO:Memory: svmem(total=236280803328, available=213105463296, percent=9.8, used=21574762496, free=84050968576, active=45480992768, inactive=89101086720, buffers=707207168, cached=129947865088, shared=34820096, slab=11729494016)
2022-11-28 15:22:52,982:INFO:Physical Core: 32
2022-11-28 15:22:52,982:INFO:Logical Core: 64
2022-11-28 15:22:52,982:INFO:Checking libraries
2022-11-28 15:22:52,982:INFO:pd==1.4.3
2022-11-28 15:22:52,982:INFO:numpy==1.22.2
2022-11-28 15:22:52,982:INFO:sklearn==0.23.2
2022-11-28 15:22:52,982:INFO:lightgbm==3.3.2
2022-11-28 15:22:52,982:WARNING:catboost not found
2022-11-28 15:22:52,999:INFO:xgboost==1.5.0
2022-11-28 15:22:52,999:INFO:mlflow==1.26.1
2022-11-28 15:22:52,999:INFO:Checking Exceptions
2022-11-28 15:22:53,000:INFO:Declaring global variables
2022-11-28 15:22:53,000:INFO:USI: c8cf
2022-11-28 15:22:53,000:INFO:pycaret_globals: {'pycaret_globals', '_all_models_internal', '_available_plots', 'imputation_regressor', 'fold_groups_param_full', 'seed', 'log_plots_param', 'create_model_container', 'html_param', '_internal_pipeline', 'y_train', 'exp_name_log', '_ml_usecase', 'display_container', 'n_jobs_param', '_all_metrics', 'y_test', 'master_model_container', 'X', 'fix_imbalance_method_param', 'logging_param', 'experiment__', '_all_models', 'data_before_preprocess', 'fix_imbalance_param', 'fold_param', 'stratify_param', 'prep_pipe', 'iterative_imputation_iters_param', 'transform_target_method_param', 'fold_generator', 'X_train', 'fold_groups_param', 'imputation_classifier', '_gpu_n_jobs_param', 'dashboard_logger', 'USI', 'y', 'X_test', 'fold_shuffle_param', 'transform_target_param', 'gpu_param', 'target_param'}
2022-11-28 15:22:53,000:INFO:Preparing display monitor
2022-11-28 15:22:53,000:INFO:Preparing display monitor
2022-11-28 15:22:53,020:INFO:Importing libraries
2022-11-28 15:22:53,020:INFO:Copying data for preprocessing
2022-11-28 15:22:53,031:INFO:Declaring preprocessing parameters
2022-11-28 15:22:53,034:WARNING:cuML not found
2022-11-28 15:22:53,034:WARNING:cuML is outdated or not found. Required version is >=0.15, got 1.5.0
2022-11-28 15:22:53,037:INFO:Creating preprocessing pipeline
2022-11-28 15:22:53,065:INFO:Preprocessing pipeline created successfully
2022-11-28 15:22:53,065:ERROR:(Process Exit): setup has been interupted with user command 'quit'. setup must rerun.
2022-11-28 15:22:53,065:INFO:Creating global containers
2022-11-28 15:22:53,065:INFO:Install wandb to use WandbLogger
2022-11-28 15:22:53,066:INFO:Internal pipeline: Pipeline(memory=None,
         steps=[('fix_imbalance',
                 SMOTE(k_neighbors=5, n_jobs=None, random_state=42,
                       sampling_strategy='auto'))],
         verbose=False)
2022-11-28 15:27:05,171:INFO:PyCaret Supervised Module
2022-11-28 15:27:05,171:INFO:ML Usecase: classification
2022-11-28 15:27:05,171:INFO:version 2.3.8
2022-11-28 15:27:05,171:INFO:Initializing setup()
2022-11-28 15:27:05,171:INFO:setup(target=user_sentiment, ml_usecase=classification, available_plots={'parameter': 'Hyperparameters', 'auc': 'AUC', 'confusion_matrix': 'Confusion Matrix', 'threshold': 'Threshold', 'pr': 'Precision Recall', 'error': 'Prediction Error', 'class_report': 'Class Report', 'rfe': 'Feature Selection', 'learning': 'Learning Curve', 'manifold': 'Manifold Learning', 'calibration': 'Calibration Curve', 'vc': 'Validation Curve', 'dimension': 'Dimensions', 'feature': 'Feature Importance', 'feature_all': 'Feature Importance (All)', 'boundary': 'Decision Boundary', 'lift': 'Lift Chart', 'gain': 'Gain Chart', 'tree': 'Decision Tree', 'ks': 'KS Statistic Plot'}, train_size=0.7, test_data=None, preprocess=True, imputation_type=simple, iterative_imputation_iters=5, categorical_features=None, categorical_imputation=constant, categorical_iterative_imputer=lightgbm, ordinal_features=None, high_cardinality_features=None, high_cardinality_method=frequency, numeric_features=None, numeric_imputation=mean, numeric_iterative_imputer=lightgbm, date_features=['reviews_text_cleaned'], ignore_features=['id', 'name', 'reviews_full_text', 'reviews_text'], normalize=True, normalize_method=zscore, transformation=True, transformation_method=yeo-johnson, handle_unknown_categorical=True, unknown_categorical_method=least_frequent, pca=False, pca_method=linear, pca_components=None, ignore_low_variance=True, combine_rare_levels=False, rare_level_threshold=0.1, bin_numeric_features=None, remove_outliers=False, outliers_threshold=0.05, remove_multicollinearity=True, multicollinearity_threshold=0.95, remove_perfect_collinearity=True, create_clusters=False, cluster_iter=20, polynomial_features=False, polynomial_degree=2, trigonometry_features=False, polynomial_threshold=0.1, group_features=None, group_names=None, feature_selection=False, feature_selection_threshold=0.8, feature_selection_method=classic, feature_interaction=False, feature_ratio=False, interaction_threshold=0.01, fix_imbalance=True, fix_imbalance_method=None, transform_target=False, transform_target_method=box-cox, data_split_shuffle=True, data_split_stratify=False, fold_strategy=stratifiedkfold, fold=10, fold_shuffle=True, fold_groups=None, n_jobs=-1, use_gpu=True, custom_pipeline=None, html=True, session_id=42, log_experiment=True, experiment_name=model_exp02, experiment_custom_tags=None, log_plots=['auc', 'confusion_matrix', 'feature'], log_profile=False, log_data=True, silent=True, verbose=True, profile=False, profile_kwargs=None, display=None)
2022-11-28 15:27:05,171:INFO:Checking environment
2022-11-28 15:27:05,171:INFO:python_version: 3.8.12
2022-11-28 15:27:05,171:INFO:python_build: ('default', 'Oct 12 2021 21:59:51')
2022-11-28 15:27:05,171:INFO:machine: x86_64
2022-11-28 15:27:05,171:INFO:platform: Linux-5.4.0-97-generic-x86_64-with-glibc2.10
2022-11-28 15:27:05,172:INFO:Memory: svmem(total=236280803328, available=212042342400, percent=10.3, used=22637834240, free=82969239552, active=46732607488, inactive=88936906752, buffers=707510272, cached=129966219264, shared=34811904, slab=11729506304)
2022-11-28 15:27:05,174:INFO:Physical Core: 32
2022-11-28 15:27:05,174:INFO:Logical Core: 64
2022-11-28 15:27:05,174:INFO:Checking libraries
2022-11-28 15:27:05,174:INFO:pd==1.4.3
2022-11-28 15:27:05,174:INFO:numpy==1.22.2
2022-11-28 15:27:05,174:INFO:sklearn==0.23.2
2022-11-28 15:27:05,175:INFO:lightgbm==3.3.2
2022-11-28 15:27:05,175:WARNING:catboost not found
2022-11-28 15:27:05,175:INFO:xgboost==1.5.0
2022-11-28 15:27:05,175:INFO:mlflow==1.26.1
2022-11-28 15:27:05,175:INFO:Checking Exceptions
2022-11-28 15:27:05,175:INFO:Declaring global variables
2022-11-28 15:27:05,175:INFO:USI: 8568
2022-11-28 15:27:05,175:INFO:pycaret_globals: {'pycaret_globals', '_all_models_internal', '_available_plots', 'imputation_regressor', 'fold_groups_param_full', 'seed', 'log_plots_param', 'create_model_container', 'html_param', '_internal_pipeline', 'y_train', 'exp_name_log', '_ml_usecase', 'display_container', 'n_jobs_param', '_all_metrics', 'y_test', 'master_model_container', 'X', 'fix_imbalance_method_param', 'logging_param', 'experiment__', '_all_models', 'data_before_preprocess', 'fix_imbalance_param', 'fold_param', 'stratify_param', 'prep_pipe', 'iterative_imputation_iters_param', 'transform_target_method_param', 'fold_generator', 'X_train', 'fold_groups_param', 'imputation_classifier', '_gpu_n_jobs_param', 'dashboard_logger', 'USI', 'y', 'X_test', 'fold_shuffle_param', 'transform_target_param', 'gpu_param', 'target_param'}
2022-11-28 15:27:05,175:INFO:Preparing display monitor
2022-11-28 15:27:05,175:INFO:Preparing display monitor
2022-11-28 15:27:05,205:INFO:Importing libraries
2022-11-28 15:27:05,205:INFO:Copying data for preprocessing
2022-11-28 15:27:05,224:INFO:Declaring preprocessing parameters
2022-11-28 15:27:05,227:WARNING:cuML not found
2022-11-28 15:27:05,228:WARNING:cuML is outdated or not found. Required version is >=0.15, got 1.5.0
2022-11-28 15:27:05,231:INFO:Creating preprocessing pipeline
2022-11-28 15:27:05,268:INFO:Preprocessing pipeline created successfully
2022-11-28 15:27:05,268:ERROR:(Process Exit): setup has been interupted with user command 'quit'. setup must rerun.
2022-11-28 15:27:05,269:INFO:Creating global containers
2022-11-28 15:27:05,269:INFO:Install wandb to use WandbLogger
2022-11-28 15:27:05,270:INFO:Internal pipeline: Pipeline(memory=None,
         steps=[('fix_imbalance',
                 SMOTE(k_neighbors=5, n_jobs=None, random_state=42,
                       sampling_strategy='auto'))],
         verbose=False)
2022-11-28 15:29:10,332:INFO:PyCaret Supervised Module
2022-11-28 15:29:10,332:INFO:ML Usecase: classification
2022-11-28 15:29:10,332:INFO:version 2.3.8
2022-11-28 15:29:10,332:INFO:Initializing setup()
2022-11-28 15:29:10,332:INFO:setup(target=user_sentiment, ml_usecase=classification, available_plots={'parameter': 'Hyperparameters', 'auc': 'AUC', 'confusion_matrix': 'Confusion Matrix', 'threshold': 'Threshold', 'pr': 'Precision Recall', 'error': 'Prediction Error', 'class_report': 'Class Report', 'rfe': 'Feature Selection', 'learning': 'Learning Curve', 'manifold': 'Manifold Learning', 'calibration': 'Calibration Curve', 'vc': 'Validation Curve', 'dimension': 'Dimensions', 'feature': 'Feature Importance', 'feature_all': 'Feature Importance (All)', 'boundary': 'Decision Boundary', 'lift': 'Lift Chart', 'gain': 'Gain Chart', 'tree': 'Decision Tree', 'ks': 'KS Statistic Plot'}, train_size=0.7, test_data=None, preprocess=True, imputation_type=simple, iterative_imputation_iters=5, categorical_features=None, categorical_imputation=constant, categorical_iterative_imputer=lightgbm, ordinal_features=None, high_cardinality_features=None, high_cardinality_method=frequency, numeric_features=None, numeric_imputation=mean, numeric_iterative_imputer=lightgbm, date_features=['reviews_text_cleaned'], ignore_features=['id', 'name', 'reviews_full_text', 'reviews_text'], normalize=False, normalize_method=zscore, transformation=False, transformation_method=yeo-johnson, handle_unknown_categorical=True, unknown_categorical_method=least_frequent, pca=False, pca_method=linear, pca_components=None, ignore_low_variance=False, combine_rare_levels=False, rare_level_threshold=0.1, bin_numeric_features=None, remove_outliers=False, outliers_threshold=0.05, remove_multicollinearity=False, multicollinearity_threshold=0.9, remove_perfect_collinearity=True, create_clusters=False, cluster_iter=20, polynomial_features=False, polynomial_degree=2, trigonometry_features=False, polynomial_threshold=0.1, group_features=None, group_names=None, feature_selection=False, feature_selection_threshold=0.8, feature_selection_method=classic, feature_interaction=False, feature_ratio=False, interaction_threshold=0.01, fix_imbalance=True, fix_imbalance_method=None, transform_target=False, transform_target_method=box-cox, data_split_shuffle=True, data_split_stratify=False, fold_strategy=stratifiedkfold, fold=10, fold_shuffle=True, fold_groups=None, n_jobs=-1, use_gpu=True, custom_pipeline=None, html=True, session_id=None, log_experiment=True, experiment_name=model_exp02, experiment_custom_tags=None, log_plots=['auc', 'confusion_matrix', 'feature'], log_profile=False, log_data=True, silent=True, verbose=True, profile=False, profile_kwargs=None, display=None)
2022-11-28 15:29:10,332:INFO:Checking environment
2022-11-28 15:29:10,332:INFO:python_version: 3.8.12
2022-11-28 15:29:10,332:INFO:python_build: ('default', 'Oct 12 2021 21:59:51')
2022-11-28 15:29:10,332:INFO:machine: x86_64
2022-11-28 15:29:10,333:INFO:platform: Linux-5.4.0-97-generic-x86_64-with-glibc2.10
2022-11-28 15:29:10,333:INFO:Memory: svmem(total=236280803328, available=207716990976, percent=12.1, used=26964451328, free=78631612416, active=51031228416, inactive=88938192896, buffers=707633152, cached=129977106432, shared=34893824, slab=11742732288)
2022-11-28 15:29:10,335:INFO:Physical Core: 32
2022-11-28 15:29:10,335:INFO:Logical Core: 64
2022-11-28 15:29:10,335:INFO:Checking libraries
2022-11-28 15:29:10,335:INFO:pd==1.4.3
2022-11-28 15:29:10,335:INFO:numpy==1.22.2
2022-11-28 15:29:10,335:INFO:sklearn==0.23.2
2022-11-28 15:29:10,336:INFO:lightgbm==3.3.2
2022-11-28 15:29:10,336:WARNING:catboost not found
2022-11-28 15:29:10,336:INFO:xgboost==1.5.0
2022-11-28 15:29:10,336:INFO:mlflow==1.26.1
2022-11-28 15:29:10,336:INFO:Checking Exceptions
2022-11-28 15:29:10,336:INFO:Declaring global variables
2022-11-28 15:29:10,336:INFO:USI: defd
2022-11-28 15:29:10,336:INFO:pycaret_globals: {'pycaret_globals', '_all_models_internal', '_available_plots', 'imputation_regressor', 'fold_groups_param_full', 'seed', 'log_plots_param', 'create_model_container', 'html_param', '_internal_pipeline', 'y_train', 'exp_name_log', '_ml_usecase', 'display_container', 'n_jobs_param', '_all_metrics', 'y_test', 'master_model_container', 'X', 'fix_imbalance_method_param', 'logging_param', 'experiment__', '_all_models', 'data_before_preprocess', 'fix_imbalance_param', 'fold_param', 'stratify_param', 'prep_pipe', 'iterative_imputation_iters_param', 'transform_target_method_param', 'fold_generator', 'X_train', 'fold_groups_param', 'imputation_classifier', '_gpu_n_jobs_param', 'dashboard_logger', 'USI', 'y', 'X_test', 'fold_shuffle_param', 'transform_target_param', 'gpu_param', 'target_param'}
2022-11-28 15:29:10,336:INFO:Preparing display monitor
2022-11-28 15:29:10,336:INFO:Preparing display monitor
2022-11-28 15:29:10,366:INFO:Importing libraries
2022-11-28 15:29:10,366:INFO:Copying data for preprocessing
2022-11-28 15:29:10,385:INFO:Declaring preprocessing parameters
2022-11-28 15:29:10,389:WARNING:cuML not found
2022-11-28 15:29:10,389:WARNING:cuML is outdated or not found. Required version is >=0.15, got 1.5.0
2022-11-28 15:29:10,394:INFO:Creating preprocessing pipeline
2022-11-28 15:29:10,433:INFO:Preprocessing pipeline created successfully
2022-11-28 15:29:10,434:ERROR:(Process Exit): setup has been interupted with user command 'quit'. setup must rerun.
2022-11-28 15:29:10,434:INFO:Creating global containers
2022-11-28 15:29:10,434:INFO:Install wandb to use WandbLogger
2022-11-28 15:29:10,435:INFO:Internal pipeline: Pipeline(memory=None,
         steps=[('fix_imbalance',
                 SMOTE(k_neighbors=5, n_jobs=None, random_state=8953,
                       sampling_strategy='auto'))],
         verbose=False)
2022-11-28 15:29:24,030:INFO:PyCaret Supervised Module
2022-11-28 15:29:24,030:INFO:ML Usecase: classification
2022-11-28 15:29:24,030:INFO:version 2.3.8
2022-11-28 15:29:24,030:INFO:Initializing setup()
2022-11-28 15:29:24,030:INFO:setup(target=user_sentiment, ml_usecase=classification, available_plots={'parameter': 'Hyperparameters', 'auc': 'AUC', 'confusion_matrix': 'Confusion Matrix', 'threshold': 'Threshold', 'pr': 'Precision Recall', 'error': 'Prediction Error', 'class_report': 'Class Report', 'rfe': 'Feature Selection', 'learning': 'Learning Curve', 'manifold': 'Manifold Learning', 'calibration': 'Calibration Curve', 'vc': 'Validation Curve', 'dimension': 'Dimensions', 'feature': 'Feature Importance', 'feature_all': 'Feature Importance (All)', 'boundary': 'Decision Boundary', 'lift': 'Lift Chart', 'gain': 'Gain Chart', 'tree': 'Decision Tree', 'ks': 'KS Statistic Plot'}, train_size=0.7, test_data=None, preprocess=True, imputation_type=simple, iterative_imputation_iters=5, categorical_features=None, categorical_imputation=constant, categorical_iterative_imputer=lightgbm, ordinal_features=None, high_cardinality_features=None, high_cardinality_method=frequency, numeric_features=None, numeric_imputation=mean, numeric_iterative_imputer=lightgbm, date_features=['reviews_text_cleaned'], ignore_features=['id', 'name', 'reviews_full_text', 'reviews_text'], normalize=False, normalize_method=zscore, transformation=False, transformation_method=yeo-johnson, handle_unknown_categorical=True, unknown_categorical_method=least_frequent, pca=False, pca_method=linear, pca_components=None, ignore_low_variance=False, combine_rare_levels=False, rare_level_threshold=0.1, bin_numeric_features=None, remove_outliers=False, outliers_threshold=0.05, remove_multicollinearity=False, multicollinearity_threshold=0.9, remove_perfect_collinearity=True, create_clusters=False, cluster_iter=20, polynomial_features=False, polynomial_degree=2, trigonometry_features=False, polynomial_threshold=0.1, group_features=None, group_names=None, feature_selection=False, feature_selection_threshold=0.8, feature_selection_method=classic, feature_interaction=False, feature_ratio=False, interaction_threshold=0.01, fix_imbalance=True, fix_imbalance_method=None, transform_target=False, transform_target_method=box-cox, data_split_shuffle=True, data_split_stratify=False, fold_strategy=stratifiedkfold, fold=10, fold_shuffle=True, fold_groups=None, n_jobs=-1, use_gpu=True, custom_pipeline=None, html=True, session_id=None, log_experiment=False, experiment_name=model_exp02, experiment_custom_tags=None, log_plots=False, log_profile=False, log_data=False, silent=False, verbose=True, profile=False, profile_kwargs=None, display=None)
2022-11-28 15:29:24,030:INFO:Checking environment
2022-11-28 15:29:24,030:INFO:python_version: 3.8.12
2022-11-28 15:29:24,030:INFO:python_build: ('default', 'Oct 12 2021 21:59:51')
2022-11-28 15:29:24,030:INFO:machine: x86_64
2022-11-28 15:29:24,030:INFO:platform: Linux-5.4.0-97-generic-x86_64-with-glibc2.10
2022-11-28 15:29:24,030:INFO:Memory: svmem(total=236280803328, available=206924038144, percent=12.4, used=27757551616, free=77838479360, active=51826003968, inactive=88938332160, buffers=707653632, cached=129977118720, shared=34885632, slab=11742707712)
2022-11-28 15:29:24,033:INFO:Physical Core: 32
2022-11-28 15:29:24,033:INFO:Logical Core: 64
2022-11-28 15:29:24,033:INFO:Checking libraries
2022-11-28 15:29:24,033:INFO:pd==1.4.3
2022-11-28 15:29:24,033:INFO:numpy==1.22.2
2022-11-28 15:29:24,033:INFO:sklearn==0.23.2
2022-11-28 15:29:24,033:INFO:lightgbm==3.3.2
2022-11-28 15:29:24,034:WARNING:catboost not found
2022-11-28 15:29:24,034:INFO:xgboost==1.5.0
2022-11-28 15:29:24,034:INFO:mlflow==1.26.1
2022-11-28 15:29:24,034:INFO:Checking Exceptions
2022-11-28 15:29:24,034:INFO:Declaring global variables
2022-11-28 15:29:24,034:INFO:USI: 1a43
2022-11-28 15:29:24,034:INFO:pycaret_globals: {'pycaret_globals', '_all_models_internal', '_available_plots', 'imputation_regressor', 'fold_groups_param_full', 'seed', 'log_plots_param', 'create_model_container', 'html_param', '_internal_pipeline', 'y_train', 'exp_name_log', '_ml_usecase', 'display_container', 'n_jobs_param', '_all_metrics', 'y_test', 'master_model_container', 'X', 'fix_imbalance_method_param', 'logging_param', 'experiment__', '_all_models', 'data_before_preprocess', 'fix_imbalance_param', 'fold_param', 'stratify_param', 'prep_pipe', 'iterative_imputation_iters_param', 'transform_target_method_param', 'fold_generator', 'X_train', 'fold_groups_param', 'imputation_classifier', '_gpu_n_jobs_param', 'dashboard_logger', 'USI', 'y', 'X_test', 'fold_shuffle_param', 'transform_target_param', 'gpu_param', 'target_param'}
2022-11-28 15:29:24,034:INFO:Preparing display monitor
2022-11-28 15:29:24,034:INFO:Preparing display monitor
2022-11-28 15:29:24,063:INFO:Importing libraries
2022-11-28 15:29:24,063:INFO:Copying data for preprocessing
2022-11-28 15:29:24,082:INFO:Declaring preprocessing parameters
2022-11-28 15:29:24,086:WARNING:cuML not found
2022-11-28 15:29:24,086:WARNING:cuML is outdated or not found. Required version is >=0.15, got 1.5.0
2022-11-28 15:29:24,089:INFO:Creating preprocessing pipeline
2022-11-28 15:29:24,125:INFO:Preprocessing pipeline created successfully
2022-11-28 15:29:24,125:ERROR:(Process Exit): setup has been interupted with user command 'quit'. setup must rerun.
2022-11-28 15:29:24,125:INFO:Creating global containers
2022-11-28 15:29:24,126:INFO:Internal pipeline: Pipeline(memory=None,
         steps=[('fix_imbalance',
                 SMOTE(k_neighbors=5, n_jobs=None, random_state=6050,
                       sampling_strategy='auto'))],
         verbose=False)
2022-11-28 15:42:38,550:INFO:PyCaret Supervised Module
2022-11-28 15:42:38,550:INFO:ML Usecase: classification
2022-11-28 15:42:38,550:INFO:version 2.3.8
2022-11-28 15:42:38,550:INFO:Initializing setup()
2022-11-28 15:42:38,550:INFO:setup(target=user_sentiment, ml_usecase=classification, available_plots={'parameter': 'Hyperparameters', 'auc': 'AUC', 'confusion_matrix': 'Confusion Matrix', 'threshold': 'Threshold', 'pr': 'Precision Recall', 'error': 'Prediction Error', 'class_report': 'Class Report', 'rfe': 'Feature Selection', 'learning': 'Learning Curve', 'manifold': 'Manifold Learning', 'calibration': 'Calibration Curve', 'vc': 'Validation Curve', 'dimension': 'Dimensions', 'feature': 'Feature Importance', 'feature_all': 'Feature Importance (All)', 'boundary': 'Decision Boundary', 'lift': 'Lift Chart', 'gain': 'Gain Chart', 'tree': 'Decision Tree', 'ks': 'KS Statistic Plot'}, train_size=0.7, test_data=None, preprocess=True, imputation_type=simple, iterative_imputation_iters=5, categorical_features=None, categorical_imputation=constant, categorical_iterative_imputer=lightgbm, ordinal_features=None, high_cardinality_features=None, high_cardinality_method=frequency, numeric_features=None, numeric_imputation=mean, numeric_iterative_imputer=lightgbm, date_features=['reviews_text_cleaned'], ignore_features=None, normalize=False, normalize_method=zscore, transformation=False, transformation_method=yeo-johnson, handle_unknown_categorical=True, unknown_categorical_method=least_frequent, pca=False, pca_method=linear, pca_components=None, ignore_low_variance=False, combine_rare_levels=False, rare_level_threshold=0.1, bin_numeric_features=None, remove_outliers=False, outliers_threshold=0.05, remove_multicollinearity=False, multicollinearity_threshold=0.9, remove_perfect_collinearity=True, create_clusters=False, cluster_iter=20, polynomial_features=False, polynomial_degree=2, trigonometry_features=False, polynomial_threshold=0.1, group_features=None, group_names=None, feature_selection=False, feature_selection_threshold=0.8, feature_selection_method=classic, feature_interaction=False, feature_ratio=False, interaction_threshold=0.01, fix_imbalance=True, fix_imbalance_method=None, transform_target=False, transform_target_method=box-cox, data_split_shuffle=True, data_split_stratify=False, fold_strategy=stratifiedkfold, fold=10, fold_shuffle=True, fold_groups=None, n_jobs=-1, use_gpu=True, custom_pipeline=None, html=True, session_id=None, log_experiment=False, experiment_name=model_exp02, experiment_custom_tags=None, log_plots=False, log_profile=False, log_data=False, silent=False, verbose=True, profile=False, profile_kwargs=None, display=None)
2022-11-28 15:42:38,550:INFO:Checking environment
2022-11-28 15:42:38,550:INFO:python_version: 3.8.12
2022-11-28 15:42:38,550:INFO:python_build: ('default', 'Oct 12 2021 21:59:51')
2022-11-28 15:42:38,550:INFO:machine: x86_64
2022-11-28 15:42:38,550:INFO:platform: Linux-5.4.0-97-generic-x86_64-with-glibc2.10
2022-11-28 15:42:38,550:INFO:Memory: svmem(total=236280803328, available=217451659264, percent=8.0, used=17236086784, free=88786501632, active=40982077440, inactive=88926564352, buffers=708456448, cached=129549758464, shared=28672000, slab=11749658624)
2022-11-28 15:42:38,552:INFO:Physical Core: 32
2022-11-28 15:42:38,552:INFO:Logical Core: 64
2022-11-28 15:42:38,552:INFO:Checking libraries
2022-11-28 15:42:38,552:INFO:pd==1.4.3
2022-11-28 15:42:38,552:INFO:numpy==1.22.2
2022-11-28 15:42:38,552:INFO:sklearn==0.23.2
2022-11-28 15:42:38,553:INFO:lightgbm==3.3.2
2022-11-28 15:42:38,553:WARNING:catboost not found
2022-11-28 15:42:38,567:INFO:xgboost==1.5.0
2022-11-28 15:42:38,567:INFO:mlflow==1.26.1
2022-11-28 15:42:38,567:INFO:Checking Exceptions
2022-11-28 15:42:38,568:INFO:Declaring global variables
2022-11-28 15:42:38,568:INFO:USI: e0af
2022-11-28 15:42:38,568:INFO:pycaret_globals: {'master_model_container', 'data_before_preprocess', 'log_plots_param', 'imputation_regressor', 'y_test', 'exp_name_log', '_gpu_n_jobs_param', 'display_container', 'y_train', 'fix_imbalance_method_param', 'logging_param', 'transform_target_method_param', 'iterative_imputation_iters_param', 'transform_target_param', 'seed', 'pycaret_globals', 'y', 'imputation_classifier', 'prep_pipe', '_all_metrics', '_internal_pipeline', 'X_train', 'target_param', 'stratify_param', 'dashboard_logger', 'html_param', 'experiment__', 'USI', 'gpu_param', 'create_model_container', '_available_plots', 'fold_groups_param', 'X_test', 'fold_groups_param_full', '_all_models_internal', 'fold_generator', 'fold_shuffle_param', 'fix_imbalance_param', 'fold_param', 'X', '_all_models', 'n_jobs_param', '_ml_usecase'}
2022-11-28 15:42:38,568:INFO:Preparing display monitor
2022-11-28 15:42:38,568:INFO:Preparing display monitor
2022-11-28 15:42:38,586:INFO:Importing libraries
2022-11-28 15:42:38,586:INFO:Copying data for preprocessing
2022-11-28 15:42:38,595:INFO:Declaring preprocessing parameters
2022-11-28 15:42:38,598:WARNING:cuML not found
2022-11-28 15:42:38,598:WARNING:cuML is outdated or not found. Required version is >=0.15, got 1.5.0
2022-11-28 15:42:38,600:INFO:Creating preprocessing pipeline
2022-11-28 15:42:38,607:INFO:Preprocessing pipeline created successfully
2022-11-28 15:42:38,607:ERROR:(Process Exit): setup has been interupted with user command 'quit'. setup must rerun.
2022-11-28 15:42:38,607:INFO:Creating global containers
2022-11-28 15:42:38,608:INFO:Internal pipeline: Pipeline(memory=None,
         steps=[('fix_imbalance',
                 SMOTE(k_neighbors=5, n_jobs=None, random_state=150,
                       sampling_strategy='auto'))],
         verbose=False)
2022-11-28 15:52:23,936:INFO:PyCaret Supervised Module
2022-11-28 15:52:23,937:INFO:ML Usecase: classification
2022-11-28 15:52:23,937:INFO:version 2.3.8
2022-11-28 15:52:23,937:INFO:Initializing setup()
2022-11-28 15:52:23,937:INFO:setup(target=user_sentiment, ml_usecase=classification, available_plots={'parameter': 'Hyperparameters', 'auc': 'AUC', 'confusion_matrix': 'Confusion Matrix', 'threshold': 'Threshold', 'pr': 'Precision Recall', 'error': 'Prediction Error', 'class_report': 'Class Report', 'rfe': 'Feature Selection', 'learning': 'Learning Curve', 'manifold': 'Manifold Learning', 'calibration': 'Calibration Curve', 'vc': 'Validation Curve', 'dimension': 'Dimensions', 'feature': 'Feature Importance', 'feature_all': 'Feature Importance (All)', 'boundary': 'Decision Boundary', 'lift': 'Lift Chart', 'gain': 'Gain Chart', 'tree': 'Decision Tree', 'ks': 'KS Statistic Plot'}, train_size=0.7, test_data=None, preprocess=True, imputation_type=simple, iterative_imputation_iters=5, categorical_features=None, categorical_imputation=constant, categorical_iterative_imputer=lightgbm, ordinal_features=None, high_cardinality_features=None, high_cardinality_method=frequency, numeric_features=None, numeric_imputation=mean, numeric_iterative_imputer=lightgbm, date_features=['reviews_text_cleaned'], ignore_features=None, normalize=False, normalize_method=zscore, transformation=False, transformation_method=yeo-johnson, handle_unknown_categorical=True, unknown_categorical_method=least_frequent, pca=False, pca_method=linear, pca_components=None, ignore_low_variance=False, combine_rare_levels=False, rare_level_threshold=0.1, bin_numeric_features=None, remove_outliers=False, outliers_threshold=0.05, remove_multicollinearity=False, multicollinearity_threshold=0.9, remove_perfect_collinearity=True, create_clusters=False, cluster_iter=20, polynomial_features=False, polynomial_degree=2, trigonometry_features=False, polynomial_threshold=0.1, group_features=None, group_names=None, feature_selection=False, feature_selection_threshold=0.8, feature_selection_method=classic, feature_interaction=False, feature_ratio=False, interaction_threshold=0.01, fix_imbalance=True, fix_imbalance_method=None, transform_target=False, transform_target_method=box-cox, data_split_shuffle=True, data_split_stratify=False, fold_strategy=stratifiedkfold, fold=10, fold_shuffle=False, fold_groups=None, n_jobs=-1, use_gpu=True, custom_pipeline=None, html=True, session_id=None, log_experiment=False, experiment_name=model_exp02, experiment_custom_tags=None, log_plots=False, log_profile=False, log_data=False, silent=False, verbose=True, profile=False, profile_kwargs=None, display=None)
2022-11-28 15:52:23,937:INFO:Checking environment
2022-11-28 15:52:23,937:INFO:python_version: 3.8.12
2022-11-28 15:52:23,937:INFO:python_build: ('default', 'Oct 12 2021 21:59:51')
2022-11-28 15:52:23,937:INFO:machine: x86_64
2022-11-28 15:52:23,937:INFO:platform: Linux-5.4.0-97-generic-x86_64-with-glibc2.10
2022-11-28 15:52:23,938:INFO:Memory: svmem(total=236280803328, available=215722201088, percent=8.7, used=18966712320, free=86739410944, active=42687492096, inactive=89205342208, buffers=709013504, cached=129865666560, shared=28766208, slab=11788017664)
2022-11-28 15:52:23,944:INFO:Physical Core: 32
2022-11-28 15:52:23,944:INFO:Logical Core: 64
2022-11-28 15:52:23,944:INFO:Checking libraries
2022-11-28 15:52:23,944:INFO:pd==1.4.3
2022-11-28 15:52:23,945:INFO:numpy==1.22.2
2022-11-28 15:52:23,945:INFO:sklearn==0.23.2
2022-11-28 15:52:23,945:INFO:lightgbm==3.3.2
2022-11-28 15:52:23,945:WARNING:catboost not found
2022-11-28 15:52:23,945:INFO:xgboost==1.5.0
2022-11-28 15:52:23,945:INFO:mlflow==1.26.1
2022-11-28 15:52:23,945:INFO:Checking Exceptions
2022-11-28 15:52:23,945:INFO:Declaring global variables
2022-11-28 15:52:23,945:INFO:USI: 9438
2022-11-28 15:52:23,945:INFO:pycaret_globals: {'master_model_container', 'data_before_preprocess', 'log_plots_param', 'imputation_regressor', 'y_test', 'exp_name_log', '_gpu_n_jobs_param', 'display_container', 'y_train', 'fix_imbalance_method_param', 'logging_param', 'transform_target_method_param', 'iterative_imputation_iters_param', 'transform_target_param', 'seed', 'pycaret_globals', 'y', 'imputation_classifier', 'prep_pipe', '_all_metrics', '_internal_pipeline', 'X_train', 'target_param', 'stratify_param', 'dashboard_logger', 'html_param', 'experiment__', 'USI', 'gpu_param', 'create_model_container', '_available_plots', 'fold_groups_param', 'X_test', 'fold_groups_param_full', '_all_models_internal', 'fold_generator', 'fold_shuffle_param', 'fix_imbalance_param', 'fold_param', 'X', '_all_models', 'n_jobs_param', '_ml_usecase'}
2022-11-28 15:52:23,945:INFO:Preparing display monitor
2022-11-28 15:52:23,946:INFO:Preparing display monitor
2022-11-28 15:52:23,978:INFO:Importing libraries
2022-11-28 15:52:23,978:INFO:Copying data for preprocessing
2022-11-28 15:52:23,991:INFO:Declaring preprocessing parameters
2022-11-28 15:52:23,995:WARNING:cuML not found
2022-11-28 15:52:23,995:WARNING:cuML is outdated or not found. Required version is >=0.15, got 1.5.0
2022-11-28 15:52:23,997:INFO:Creating preprocessing pipeline
2022-11-28 15:52:24,007:INFO:Preprocessing pipeline created successfully
2022-11-28 15:52:24,007:ERROR:(Process Exit): setup has been interupted with user command 'quit'. setup must rerun.
2022-11-28 15:52:24,007:INFO:Creating global containers
2022-11-28 15:52:24,008:INFO:Internal pipeline: Pipeline(memory=None,
         steps=[('fix_imbalance',
                 SMOTE(k_neighbors=5, n_jobs=None, random_state=2309,
                       sampling_strategy='auto'))],
         verbose=False)
2022-11-28 15:53:54,205:INFO:PyCaret Supervised Module
2022-11-28 15:53:54,206:INFO:ML Usecase: classification
2022-11-28 15:53:54,206:INFO:version 2.3.8
2022-11-28 15:53:54,206:INFO:Initializing setup()
2022-11-28 15:53:54,206:INFO:setup(target=user_sentiment, ml_usecase=classification, available_plots={'parameter': 'Hyperparameters', 'auc': 'AUC', 'confusion_matrix': 'Confusion Matrix', 'threshold': 'Threshold', 'pr': 'Precision Recall', 'error': 'Prediction Error', 'class_report': 'Class Report', 'rfe': 'Feature Selection', 'learning': 'Learning Curve', 'manifold': 'Manifold Learning', 'calibration': 'Calibration Curve', 'vc': 'Validation Curve', 'dimension': 'Dimensions', 'feature': 'Feature Importance', 'feature_all': 'Feature Importance (All)', 'boundary': 'Decision Boundary', 'lift': 'Lift Chart', 'gain': 'Gain Chart', 'tree': 'Decision Tree', 'ks': 'KS Statistic Plot'}, train_size=0.7, test_data=None, preprocess=True, imputation_type=simple, iterative_imputation_iters=5, categorical_features=None, categorical_imputation=constant, categorical_iterative_imputer=lightgbm, ordinal_features=None, high_cardinality_features=None, high_cardinality_method=frequency, numeric_features=None, numeric_imputation=mean, numeric_iterative_imputer=lightgbm, date_features=None, ignore_features=None, normalize=False, normalize_method=zscore, transformation=False, transformation_method=yeo-johnson, handle_unknown_categorical=True, unknown_categorical_method=least_frequent, pca=False, pca_method=linear, pca_components=None, ignore_low_variance=False, combine_rare_levels=False, rare_level_threshold=0.1, bin_numeric_features=None, remove_outliers=False, outliers_threshold=0.05, remove_multicollinearity=False, multicollinearity_threshold=0.9, remove_perfect_collinearity=True, create_clusters=False, cluster_iter=20, polynomial_features=False, polynomial_degree=2, trigonometry_features=False, polynomial_threshold=0.1, group_features=None, group_names=None, feature_selection=False, feature_selection_threshold=0.8, feature_selection_method=classic, feature_interaction=False, feature_ratio=False, interaction_threshold=0.01, fix_imbalance=True, fix_imbalance_method=None, transform_target=False, transform_target_method=box-cox, data_split_shuffle=True, data_split_stratify=False, fold_strategy=stratifiedkfold, fold=10, fold_shuffle=False, fold_groups=None, n_jobs=-1, use_gpu=True, custom_pipeline=None, html=True, session_id=None, log_experiment=False, experiment_name=model_exp02, experiment_custom_tags=None, log_plots=False, log_profile=False, log_data=False, silent=False, verbose=True, profile=False, profile_kwargs=None, display=None)
2022-11-28 15:53:54,206:INFO:Checking environment
2022-11-28 15:53:54,206:INFO:python_version: 3.8.12
2022-11-28 15:53:54,206:INFO:python_build: ('default', 'Oct 12 2021 21:59:51')
2022-11-28 15:53:54,206:INFO:machine: x86_64
2022-11-28 15:53:54,207:INFO:platform: Linux-5.4.0-97-generic-x86_64-with-glibc2.10
2022-11-28 15:53:54,207:INFO:Memory: svmem(total=236280803328, available=215615524864, percent=8.7, used=19073495040, free=87476924416, active=41979621376, inactive=89179480064, buffers=709083136, cached=129021300736, shared=28766208, slab=11787694080)
2022-11-28 15:53:54,210:INFO:Physical Core: 32
2022-11-28 15:53:54,210:INFO:Logical Core: 64
2022-11-28 15:53:54,210:INFO:Checking libraries
2022-11-28 15:53:54,210:INFO:pd==1.4.3
2022-11-28 15:53:54,210:INFO:numpy==1.22.2
2022-11-28 15:53:54,210:INFO:sklearn==0.23.2
2022-11-28 15:53:54,210:INFO:lightgbm==3.3.2
2022-11-28 15:53:54,211:WARNING:catboost not found
2022-11-28 15:53:54,211:INFO:xgboost==1.5.0
2022-11-28 15:53:54,211:INFO:mlflow==1.26.1
2022-11-28 15:53:54,211:INFO:Checking Exceptions
2022-11-28 15:53:54,211:INFO:Declaring global variables
2022-11-28 15:53:54,211:INFO:USI: 6c58
2022-11-28 15:53:54,211:INFO:pycaret_globals: {'master_model_container', 'data_before_preprocess', 'log_plots_param', 'imputation_regressor', 'y_test', 'exp_name_log', '_gpu_n_jobs_param', 'display_container', 'y_train', 'fix_imbalance_method_param', 'logging_param', 'transform_target_method_param', 'iterative_imputation_iters_param', 'transform_target_param', 'seed', 'pycaret_globals', 'y', 'imputation_classifier', 'prep_pipe', '_all_metrics', '_internal_pipeline', 'X_train', 'target_param', 'stratify_param', 'dashboard_logger', 'html_param', 'experiment__', 'USI', 'gpu_param', 'create_model_container', '_available_plots', 'fold_groups_param', 'X_test', 'fold_groups_param_full', '_all_models_internal', 'fold_generator', 'fold_shuffle_param', 'fix_imbalance_param', 'fold_param', 'X', '_all_models', 'n_jobs_param', '_ml_usecase'}
2022-11-28 15:53:54,211:INFO:Preparing display monitor
2022-11-28 15:53:54,211:INFO:Preparing display monitor
2022-11-28 15:53:54,241:INFO:Importing libraries
2022-11-28 15:53:54,241:INFO:Copying data for preprocessing
2022-11-28 15:53:54,258:INFO:Declaring preprocessing parameters
2022-11-28 15:53:54,261:WARNING:cuML not found
2022-11-28 15:53:54,261:WARNING:cuML is outdated or not found. Required version is >=0.15, got 1.5.0
2022-11-28 15:53:54,263:INFO:Creating preprocessing pipeline
2022-11-28 15:53:54,273:INFO:Preprocessing pipeline created successfully
2022-11-28 15:53:54,273:ERROR:(Process Exit): setup has been interupted with user command 'quit'. setup must rerun.
2022-11-28 15:53:54,273:INFO:Creating global containers
2022-11-28 15:53:54,274:INFO:Internal pipeline: Pipeline(memory=None,
         steps=[('fix_imbalance',
                 SMOTE(k_neighbors=5, n_jobs=None, random_state=3498,
                       sampling_strategy='auto'))],
         verbose=False)
2022-11-28 15:54:45,474:INFO:PyCaret Supervised Module
2022-11-28 15:54:45,475:INFO:ML Usecase: classification
2022-11-28 15:54:45,475:INFO:version 2.3.8
2022-11-28 15:54:45,475:INFO:Initializing setup()
2022-11-28 15:54:45,475:INFO:setup(target=user_sentiment, ml_usecase=classification, available_plots={'parameter': 'Hyperparameters', 'auc': 'AUC', 'confusion_matrix': 'Confusion Matrix', 'threshold': 'Threshold', 'pr': 'Precision Recall', 'error': 'Prediction Error', 'class_report': 'Class Report', 'rfe': 'Feature Selection', 'learning': 'Learning Curve', 'manifold': 'Manifold Learning', 'calibration': 'Calibration Curve', 'vc': 'Validation Curve', 'dimension': 'Dimensions', 'feature': 'Feature Importance', 'feature_all': 'Feature Importance (All)', 'boundary': 'Decision Boundary', 'lift': 'Lift Chart', 'gain': 'Gain Chart', 'tree': 'Decision Tree', 'ks': 'KS Statistic Plot'}, train_size=0.85, test_data=None, preprocess=True, imputation_type=simple, iterative_imputation_iters=5, categorical_features=None, categorical_imputation=constant, categorical_iterative_imputer=lightgbm, ordinal_features=None, high_cardinality_features=None, high_cardinality_method=frequency, numeric_features=None, numeric_imputation=mean, numeric_iterative_imputer=lightgbm, date_features=None, ignore_features=None, normalize=False, normalize_method=zscore, transformation=False, transformation_method=yeo-johnson, handle_unknown_categorical=True, unknown_categorical_method=least_frequent, pca=False, pca_method=linear, pca_components=None, ignore_low_variance=False, combine_rare_levels=False, rare_level_threshold=0.1, bin_numeric_features=None, remove_outliers=False, outliers_threshold=0.05, remove_multicollinearity=False, multicollinearity_threshold=0.9, remove_perfect_collinearity=True, create_clusters=False, cluster_iter=20, polynomial_features=False, polynomial_degree=2, trigonometry_features=False, polynomial_threshold=0.1, group_features=None, group_names=None, feature_selection=False, feature_selection_threshold=0.8, feature_selection_method=classic, feature_interaction=False, feature_ratio=False, interaction_threshold=0.01, fix_imbalance=True, fix_imbalance_method=None, transform_target=False, transform_target_method=box-cox, data_split_shuffle=True, data_split_stratify=False, fold_strategy=stratifiedkfold, fold=10, fold_shuffle=False, fold_groups=None, n_jobs=-1, use_gpu=True, custom_pipeline=None, html=True, session_id=None, log_experiment=False, experiment_name=model_exp02, experiment_custom_tags=None, log_plots=False, log_profile=False, log_data=False, silent=False, verbose=True, profile=False, profile_kwargs=None, display=None)
2022-11-28 15:54:45,475:INFO:Checking environment
2022-11-28 15:54:45,475:INFO:python_version: 3.8.12
2022-11-28 15:54:45,475:INFO:python_build: ('default', 'Oct 12 2021 21:59:51')
2022-11-28 15:54:45,475:INFO:machine: x86_64
2022-11-28 15:54:45,475:INFO:platform: Linux-5.4.0-97-generic-x86_64-with-glibc2.10
2022-11-28 15:54:45,476:INFO:Memory: svmem(total=236280803328, available=215385231360, percent=8.8, used=19303768064, free=87246295040, active=42208919552, inactive=89179488256, buffers=709140480, cached=129021599744, shared=28766208, slab=11788156928)
2022-11-28 15:54:45,479:INFO:Physical Core: 32
2022-11-28 15:54:45,479:INFO:Logical Core: 64
2022-11-28 15:54:45,479:INFO:Checking libraries
2022-11-28 15:54:45,479:INFO:pd==1.4.3
2022-11-28 15:54:45,479:INFO:numpy==1.22.2
2022-11-28 15:54:45,479:INFO:sklearn==0.23.2
2022-11-28 15:54:45,479:INFO:lightgbm==3.3.2
2022-11-28 15:54:45,479:WARNING:catboost not found
2022-11-28 15:54:45,479:INFO:xgboost==1.5.0
2022-11-28 15:54:45,479:INFO:mlflow==1.26.1
2022-11-28 15:54:45,479:INFO:Checking Exceptions
2022-11-28 15:54:45,479:INFO:Declaring global variables
2022-11-28 15:54:45,480:INFO:USI: 5cba
2022-11-28 15:54:45,480:INFO:pycaret_globals: {'master_model_container', 'data_before_preprocess', 'log_plots_param', 'imputation_regressor', 'y_test', 'exp_name_log', '_gpu_n_jobs_param', 'display_container', 'y_train', 'fix_imbalance_method_param', 'logging_param', 'transform_target_method_param', 'iterative_imputation_iters_param', 'transform_target_param', 'seed', 'pycaret_globals', 'y', 'imputation_classifier', 'prep_pipe', '_all_metrics', '_internal_pipeline', 'X_train', 'target_param', 'stratify_param', 'dashboard_logger', 'html_param', 'experiment__', 'USI', 'gpu_param', 'create_model_container', '_available_plots', 'fold_groups_param', 'X_test', 'fold_groups_param_full', '_all_models_internal', 'fold_generator', 'fold_shuffle_param', 'fix_imbalance_param', 'fold_param', 'X', '_all_models', 'n_jobs_param', '_ml_usecase'}
2022-11-28 15:54:45,480:INFO:Preparing display monitor
2022-11-28 15:54:45,480:INFO:Preparing display monitor
2022-11-28 15:54:45,509:INFO:Importing libraries
2022-11-28 15:54:45,510:INFO:Copying data for preprocessing
2022-11-28 15:54:45,527:INFO:Declaring preprocessing parameters
2022-11-28 15:54:45,530:WARNING:cuML not found
2022-11-28 15:54:45,530:WARNING:cuML is outdated or not found. Required version is >=0.15, got 1.5.0
2022-11-28 15:54:45,533:INFO:Creating preprocessing pipeline
2022-11-28 15:54:45,543:INFO:Preprocessing pipeline created successfully
2022-11-28 15:54:45,543:ERROR:(Process Exit): setup has been interupted with user command 'quit'. setup must rerun.
2022-11-28 15:54:45,543:INFO:Creating global containers
2022-11-28 15:54:45,544:INFO:Internal pipeline: Pipeline(memory=None,
         steps=[('fix_imbalance',
                 SMOTE(k_neighbors=5, n_jobs=None, random_state=3961,
                       sampling_strategy='auto'))],
         verbose=False)
2022-11-28 15:57:08,839:INFO:PyCaret Supervised Module
2022-11-28 15:57:08,839:INFO:ML Usecase: classification
2022-11-28 15:57:08,839:INFO:version 2.3.8
2022-11-28 15:57:08,839:INFO:Initializing setup()
2022-11-28 15:57:08,839:INFO:setup(target=user_sentiment, ml_usecase=classification, available_plots={'parameter': 'Hyperparameters', 'auc': 'AUC', 'confusion_matrix': 'Confusion Matrix', 'threshold': 'Threshold', 'pr': 'Precision Recall', 'error': 'Prediction Error', 'class_report': 'Class Report', 'rfe': 'Feature Selection', 'learning': 'Learning Curve', 'manifold': 'Manifold Learning', 'calibration': 'Calibration Curve', 'vc': 'Validation Curve', 'dimension': 'Dimensions', 'feature': 'Feature Importance', 'feature_all': 'Feature Importance (All)', 'boundary': 'Decision Boundary', 'lift': 'Lift Chart', 'gain': 'Gain Chart', 'tree': 'Decision Tree', 'ks': 'KS Statistic Plot'}, train_size=0.85, test_data=None, preprocess=True, imputation_type=simple, iterative_imputation_iters=5, categorical_features=None, categorical_imputation=constant, categorical_iterative_imputer=lightgbm, ordinal_features=None, high_cardinality_features=None, high_cardinality_method=frequency, numeric_features=None, numeric_imputation=mean, numeric_iterative_imputer=lightgbm, date_features=None, ignore_features=None, normalize=False, normalize_method=zscore, transformation=False, transformation_method=yeo-johnson, handle_unknown_categorical=True, unknown_categorical_method=least_frequent, pca=False, pca_method=linear, pca_components=None, ignore_low_variance=False, combine_rare_levels=False, rare_level_threshold=0.1, bin_numeric_features=None, remove_outliers=False, outliers_threshold=0.05, remove_multicollinearity=False, multicollinearity_threshold=0.9, remove_perfect_collinearity=True, create_clusters=False, cluster_iter=20, polynomial_features=False, polynomial_degree=2, trigonometry_features=False, polynomial_threshold=0.1, group_features=None, group_names=None, feature_selection=False, feature_selection_threshold=0.8, feature_selection_method=classic, feature_interaction=False, feature_ratio=False, interaction_threshold=0.01, fix_imbalance=True, fix_imbalance_method=None, transform_target=False, transform_target_method=box-cox, data_split_shuffle=True, data_split_stratify=False, fold_strategy=stratifiedkfold, fold=10, fold_shuffle=False, fold_groups=None, n_jobs=-1, use_gpu=True, custom_pipeline=None, html=True, session_id=None, log_experiment=False, experiment_name=model_exp02, experiment_custom_tags=None, log_plots=False, log_profile=False, log_data=False, silent=False, verbose=True, profile=False, profile_kwargs=None, display=None)
2022-11-28 15:57:08,839:INFO:Checking environment
2022-11-28 15:57:08,839:INFO:python_version: 3.8.12
2022-11-28 15:57:08,840:INFO:python_build: ('default', 'Oct 12 2021 21:59:51')
2022-11-28 15:57:08,840:INFO:machine: x86_64
2022-11-28 15:57:08,840:INFO:platform: Linux-5.4.0-97-generic-x86_64-with-glibc2.10
2022-11-28 15:57:08,840:INFO:Memory: svmem(total=236280803328, available=214580670464, percent=9.2, used=20108230656, free=84889694208, active=42981761024, inactive=90719330304, buffers=709296128, cached=130573582336, shared=28774400, slab=11802349568)
2022-11-28 15:57:08,843:INFO:Physical Core: 32
2022-11-28 15:57:08,843:INFO:Logical Core: 64
2022-11-28 15:57:08,843:INFO:Checking libraries
2022-11-28 15:57:08,843:INFO:pd==1.4.3
2022-11-28 15:57:08,843:INFO:numpy==1.22.2
2022-11-28 15:57:08,843:INFO:sklearn==0.23.2
2022-11-28 15:57:08,844:INFO:lightgbm==3.3.2
2022-11-28 15:57:08,844:WARNING:catboost not found
2022-11-28 15:57:08,844:INFO:xgboost==1.5.0
2022-11-28 15:57:08,844:INFO:mlflow==1.26.1
2022-11-28 15:57:08,844:INFO:Checking Exceptions
2022-11-28 15:57:08,844:INFO:Declaring global variables
2022-11-28 15:57:08,844:INFO:USI: 5b3a
2022-11-28 15:57:08,844:INFO:pycaret_globals: {'master_model_container', 'data_before_preprocess', 'log_plots_param', 'imputation_regressor', 'y_test', 'exp_name_log', '_gpu_n_jobs_param', 'display_container', 'y_train', 'fix_imbalance_method_param', 'logging_param', 'transform_target_method_param', 'iterative_imputation_iters_param', 'transform_target_param', 'seed', 'pycaret_globals', 'y', 'imputation_classifier', 'prep_pipe', '_all_metrics', '_internal_pipeline', 'X_train', 'target_param', 'stratify_param', 'dashboard_logger', 'html_param', 'experiment__', 'USI', 'gpu_param', 'create_model_container', '_available_plots', 'fold_groups_param', 'X_test', 'fold_groups_param_full', '_all_models_internal', 'fold_generator', 'fold_shuffle_param', 'fix_imbalance_param', 'fold_param', 'X', '_all_models', 'n_jobs_param', '_ml_usecase'}
2022-11-28 15:57:08,844:INFO:Preparing display monitor
2022-11-28 15:57:08,844:INFO:Preparing display monitor
2022-11-28 15:57:08,879:INFO:Importing libraries
2022-11-28 15:57:08,879:INFO:Copying data for preprocessing
2022-11-28 15:57:08,893:INFO:Declaring preprocessing parameters
2022-11-28 15:57:08,897:WARNING:cuML not found
2022-11-28 15:57:08,897:WARNING:cuML is outdated or not found. Required version is >=0.15, got 1.5.0
2022-11-28 15:57:08,899:INFO:Creating preprocessing pipeline
2022-11-28 15:57:08,909:INFO:Preprocessing pipeline created successfully
2022-11-28 15:57:08,910:ERROR:(Process Exit): setup has been interupted with user command 'quit'. setup must rerun.
2022-11-28 15:57:08,910:INFO:Creating global containers
2022-11-28 15:57:08,911:INFO:Internal pipeline: Pipeline(memory=None,
         steps=[('fix_imbalance',
                 SMOTE(k_neighbors=5, n_jobs=None, random_state=8191,
                       sampling_strategy='auto'))],
         verbose=False)
2022-11-28 16:00:19,771:INFO:PyCaret Supervised Module
2022-11-28 16:00:19,771:INFO:ML Usecase: classification
2022-11-28 16:00:19,771:INFO:version 2.3.8
2022-11-28 16:00:19,771:INFO:Initializing setup()
2022-11-28 16:00:19,771:INFO:setup(target=user_sentiment, ml_usecase=classification, available_plots={'parameter': 'Hyperparameters', 'auc': 'AUC', 'confusion_matrix': 'Confusion Matrix', 'threshold': 'Threshold', 'pr': 'Precision Recall', 'error': 'Prediction Error', 'class_report': 'Class Report', 'rfe': 'Feature Selection', 'learning': 'Learning Curve', 'manifold': 'Manifold Learning', 'calibration': 'Calibration Curve', 'vc': 'Validation Curve', 'dimension': 'Dimensions', 'feature': 'Feature Importance', 'feature_all': 'Feature Importance (All)', 'boundary': 'Decision Boundary', 'lift': 'Lift Chart', 'gain': 'Gain Chart', 'tree': 'Decision Tree', 'ks': 'KS Statistic Plot'}, train_size=0.85, test_data=None, preprocess=True, imputation_type=simple, iterative_imputation_iters=5, categorical_features=None, categorical_imputation=constant, categorical_iterative_imputer=lightgbm, ordinal_features=None, high_cardinality_features=None, high_cardinality_method=frequency, numeric_features=None, numeric_imputation=mean, numeric_iterative_imputer=lightgbm, date_features=None, ignore_features=None, normalize=False, normalize_method=zscore, transformation=False, transformation_method=yeo-johnson, handle_unknown_categorical=True, unknown_categorical_method=least_frequent, pca=False, pca_method=linear, pca_components=None, ignore_low_variance=False, combine_rare_levels=False, rare_level_threshold=0.1, bin_numeric_features=None, remove_outliers=False, outliers_threshold=0.05, remove_multicollinearity=False, multicollinearity_threshold=0.9, remove_perfect_collinearity=True, create_clusters=False, cluster_iter=20, polynomial_features=False, polynomial_degree=2, trigonometry_features=False, polynomial_threshold=0.1, group_features=None, group_names=None, feature_selection=False, feature_selection_threshold=0.8, feature_selection_method=classic, feature_interaction=False, feature_ratio=False, interaction_threshold=0.01, fix_imbalance=True, fix_imbalance_method=None, transform_target=False, transform_target_method=box-cox, data_split_shuffle=True, data_split_stratify=False, fold_strategy=stratifiedkfold, fold=10, fold_shuffle=False, fold_groups=None, n_jobs=-1, use_gpu=True, custom_pipeline=None, html=True, session_id=None, log_experiment=False, experiment_name=model_exp02, experiment_custom_tags=None, log_plots=False, log_profile=False, log_data=False, silent=False, verbose=True, profile=False, profile_kwargs=None, display=None)
2022-11-28 16:00:19,771:INFO:Checking environment
2022-11-28 16:00:19,771:INFO:python_version: 3.8.12
2022-11-28 16:00:19,771:INFO:python_build: ('default', 'Oct 12 2021 21:59:51')
2022-11-28 16:00:19,771:INFO:machine: x86_64
2022-11-28 16:00:19,771:INFO:platform: Linux-5.4.0-97-generic-x86_64-with-glibc2.10
2022-11-28 16:00:19,771:INFO:Memory: svmem(total=236280803328, available=210837413888, percent=10.8, used=23836917760, free=80113389568, active=49182724096, inactive=89211801600, buffers=709484544, cached=131621011456, shared=43454464, slab=11805401088)
2022-11-28 16:00:19,773:INFO:Physical Core: 32
2022-11-28 16:00:19,773:INFO:Logical Core: 64
2022-11-28 16:00:19,773:INFO:Checking libraries
2022-11-28 16:00:19,773:INFO:pd==1.4.3
2022-11-28 16:00:19,773:INFO:numpy==1.22.2
2022-11-28 16:00:19,773:INFO:sklearn==0.23.2
2022-11-28 16:00:19,773:INFO:lightgbm==3.3.2
2022-11-28 16:00:19,774:WARNING:catboost not found
2022-11-28 16:00:19,789:INFO:xgboost==1.5.0
2022-11-28 16:00:19,789:INFO:mlflow==1.26.1
2022-11-28 16:00:19,789:INFO:Checking Exceptions
2022-11-28 16:00:19,789:INFO:Declaring global variables
2022-11-28 16:00:19,789:INFO:USI: 8212
2022-11-28 16:00:19,789:INFO:pycaret_globals: {'_internal_pipeline', 'html_param', 'stratify_param', 'dashboard_logger', 'y_train', 'data_before_preprocess', 'fold_param', 'imputation_classifier', 'master_model_container', '_all_models', '_gpu_n_jobs_param', 'experiment__', 'X_train', 'X', 'fold_generator', 'prep_pipe', 'fold_groups_param', 'log_plots_param', 'create_model_container', 'seed', 'USI', 'transform_target_param', 'X_test', '_all_models_internal', 'y', 'iterative_imputation_iters_param', 'imputation_regressor', 'fix_imbalance_param', '_available_plots', 'logging_param', 'target_param', 'fold_groups_param_full', 'gpu_param', 'fold_shuffle_param', 'y_test', 'exp_name_log', 'pycaret_globals', 'n_jobs_param', '_ml_usecase', 'transform_target_method_param', 'fix_imbalance_method_param', 'display_container', '_all_metrics'}
2022-11-28 16:00:19,789:INFO:Preparing display monitor
2022-11-28 16:00:19,789:INFO:Preparing display monitor
2022-11-28 16:00:19,807:INFO:Importing libraries
2022-11-28 16:00:19,807:INFO:Copying data for preprocessing
2022-11-28 16:00:19,817:INFO:Declaring preprocessing parameters
2022-11-28 16:00:19,820:WARNING:cuML not found
2022-11-28 16:00:19,820:WARNING:cuML is outdated or not found. Required version is >=0.15, got 1.5.0
2022-11-28 16:00:19,822:INFO:Creating preprocessing pipeline
2022-11-28 16:00:19,829:INFO:Preprocessing pipeline created successfully
2022-11-28 16:00:19,829:ERROR:(Process Exit): setup has been interupted with user command 'quit'. setup must rerun.
2022-11-28 16:00:19,829:INFO:Creating global containers
2022-11-28 16:00:19,830:INFO:Internal pipeline: Pipeline(memory=None,
         steps=[('fix_imbalance',
                 SMOTE(k_neighbors=5, n_jobs=None, random_state=1162,
                       sampling_strategy='auto'))],
         verbose=False)
2022-11-28 16:06:52,783:INFO:PyCaret Supervised Module
2022-11-28 16:06:52,784:INFO:ML Usecase: classification
2022-11-28 16:06:52,784:INFO:version 2.3.8
2022-11-28 16:06:52,784:INFO:Initializing setup()
2022-11-28 16:06:52,784:INFO:setup(target=user_sentiment, ml_usecase=classification, available_plots={'parameter': 'Hyperparameters', 'auc': 'AUC', 'confusion_matrix': 'Confusion Matrix', 'threshold': 'Threshold', 'pr': 'Precision Recall', 'error': 'Prediction Error', 'class_report': 'Class Report', 'rfe': 'Feature Selection', 'learning': 'Learning Curve', 'manifold': 'Manifold Learning', 'calibration': 'Calibration Curve', 'vc': 'Validation Curve', 'dimension': 'Dimensions', 'feature': 'Feature Importance', 'feature_all': 'Feature Importance (All)', 'boundary': 'Decision Boundary', 'lift': 'Lift Chart', 'gain': 'Gain Chart', 'tree': 'Decision Tree', 'ks': 'KS Statistic Plot'}, train_size=0.85, test_data=None, preprocess=True, imputation_type=simple, iterative_imputation_iters=5, categorical_features=None, categorical_imputation=constant, categorical_iterative_imputer=lightgbm, ordinal_features=None, high_cardinality_features=None, high_cardinality_method=frequency, numeric_features=None, numeric_imputation=mean, numeric_iterative_imputer=lightgbm, date_features=None, ignore_features=None, normalize=False, normalize_method=zscore, transformation=False, transformation_method=yeo-johnson, handle_unknown_categorical=True, unknown_categorical_method=least_frequent, pca=False, pca_method=linear, pca_components=None, ignore_low_variance=False, combine_rare_levels=False, rare_level_threshold=0.1, bin_numeric_features=None, remove_outliers=False, outliers_threshold=0.05, remove_multicollinearity=False, multicollinearity_threshold=0.9, remove_perfect_collinearity=True, create_clusters=False, cluster_iter=20, polynomial_features=False, polynomial_degree=2, trigonometry_features=False, polynomial_threshold=0.1, group_features=None, group_names=None, feature_selection=False, feature_selection_threshold=0.8, feature_selection_method=classic, feature_interaction=False, feature_ratio=False, interaction_threshold=0.01, fix_imbalance=True, fix_imbalance_method=None, transform_target=False, transform_target_method=box-cox, data_split_shuffle=True, data_split_stratify=False, fold_strategy=stratifiedkfold, fold=10, fold_shuffle=False, fold_groups=None, n_jobs=-1, use_gpu=True, custom_pipeline=None, html=True, session_id=None, log_experiment=False, experiment_name=model_exp02, experiment_custom_tags=None, log_plots=False, log_profile=False, log_data=False, silent=False, verbose=True, profile=False, profile_kwargs=None, display=None)
2022-11-28 16:06:52,784:INFO:Checking environment
2022-11-28 16:06:52,784:INFO:python_version: 3.8.12
2022-11-28 16:06:52,784:INFO:python_build: ('default', 'Oct 12 2021 21:59:51')
2022-11-28 16:06:52,784:INFO:machine: x86_64
2022-11-28 16:06:52,784:INFO:platform: Linux-5.4.0-97-generic-x86_64-with-glibc2.10
2022-11-28 16:06:52,784:INFO:Memory: svmem(total=236280803328, available=211507425280, percent=10.5, used=23164268544, free=87109365760, active=47057018880, inactive=84431286272, buffers=709795840, cached=125297373184, shared=43364352, slab=11710210048)
2022-11-28 16:06:52,786:INFO:Physical Core: 32
2022-11-28 16:06:52,786:INFO:Logical Core: 64
2022-11-28 16:06:52,786:INFO:Checking libraries
2022-11-28 16:06:52,786:INFO:pd==1.4.3
2022-11-28 16:06:52,786:INFO:numpy==1.22.2
2022-11-28 16:06:52,786:INFO:sklearn==0.23.2
2022-11-28 16:06:52,787:INFO:lightgbm==3.3.2
2022-11-28 16:06:52,787:WARNING:catboost not found
2022-11-28 16:06:52,802:INFO:xgboost==1.5.0
2022-11-28 16:06:52,802:INFO:mlflow==1.26.1
2022-11-28 16:06:52,802:INFO:Checking Exceptions
2022-11-28 16:06:52,802:INFO:Declaring global variables
2022-11-28 16:06:52,802:INFO:USI: c096
2022-11-28 16:06:52,802:INFO:pycaret_globals: {'transform_target_param', 'pycaret_globals', '_gpu_n_jobs_param', '_all_metrics', 'log_plots_param', 'fix_imbalance_param', 'y_train', 'iterative_imputation_iters_param', 'stratify_param', 'X', 'transform_target_method_param', 'display_container', '_ml_usecase', 'fold_groups_param_full', 'n_jobs_param', 'USI', '_all_models_internal', 'fold_groups_param', 'dashboard_logger', 'X_test', 'fold_param', 'master_model_container', 'logging_param', 'prep_pipe', 'target_param', '_all_models', 'imputation_classifier', 'X_train', 'fold_generator', 'exp_name_log', 'data_before_preprocess', '_internal_pipeline', 'gpu_param', 'y', '_available_plots', 'fix_imbalance_method_param', 'y_test', 'seed', 'fold_shuffle_param', 'imputation_regressor', 'html_param', 'experiment__', 'create_model_container'}
2022-11-28 16:06:52,802:INFO:Preparing display monitor
2022-11-28 16:06:52,802:INFO:Preparing display monitor
2022-11-28 16:06:52,820:INFO:Importing libraries
2022-11-28 16:06:52,820:INFO:Copying data for preprocessing
2022-11-28 16:06:52,829:INFO:Declaring preprocessing parameters
2022-11-28 16:06:52,832:WARNING:cuML not found
2022-11-28 16:06:52,832:WARNING:cuML is outdated or not found. Required version is >=0.15, got 1.5.0
2022-11-28 16:06:52,834:INFO:Creating preprocessing pipeline
2022-11-28 16:06:52,841:INFO:Preprocessing pipeline created successfully
2022-11-28 16:06:52,841:ERROR:(Process Exit): setup has been interupted with user command 'quit'. setup must rerun.
2022-11-28 16:06:52,841:INFO:Creating global containers
2022-11-28 16:06:52,842:INFO:Internal pipeline: Pipeline(memory=None,
         steps=[('fix_imbalance',
                 SMOTE(k_neighbors=5, n_jobs=None, random_state=3174,
                       sampling_strategy='auto'))],
         verbose=False)
2022-11-28 16:12:16,765:INFO:PyCaret Supervised Module
2022-11-28 16:12:16,766:INFO:ML Usecase: classification
2022-11-28 16:12:16,766:INFO:version 2.3.8
2022-11-28 16:12:16,766:INFO:Initializing setup()
2022-11-28 16:12:16,766:INFO:setup(target=reviews_text_cleaned, ml_usecase=classification, available_plots={'parameter': 'Hyperparameters', 'auc': 'AUC', 'confusion_matrix': 'Confusion Matrix', 'threshold': 'Threshold', 'pr': 'Precision Recall', 'error': 'Prediction Error', 'class_report': 'Class Report', 'rfe': 'Feature Selection', 'learning': 'Learning Curve', 'manifold': 'Manifold Learning', 'calibration': 'Calibration Curve', 'vc': 'Validation Curve', 'dimension': 'Dimensions', 'feature': 'Feature Importance', 'feature_all': 'Feature Importance (All)', 'boundary': 'Decision Boundary', 'lift': 'Lift Chart', 'gain': 'Gain Chart', 'tree': 'Decision Tree', 'ks': 'KS Statistic Plot'}, train_size=0.85, test_data=None, preprocess=True, imputation_type=simple, iterative_imputation_iters=5, categorical_features=None, categorical_imputation=constant, categorical_iterative_imputer=lightgbm, ordinal_features=None, high_cardinality_features=None, high_cardinality_method=frequency, numeric_features=None, numeric_imputation=mean, numeric_iterative_imputer=lightgbm, date_features=None, ignore_features=None, normalize=False, normalize_method=zscore, transformation=False, transformation_method=yeo-johnson, handle_unknown_categorical=True, unknown_categorical_method=least_frequent, pca=False, pca_method=linear, pca_components=None, ignore_low_variance=False, combine_rare_levels=False, rare_level_threshold=0.1, bin_numeric_features=None, remove_outliers=False, outliers_threshold=0.05, remove_multicollinearity=False, multicollinearity_threshold=0.9, remove_perfect_collinearity=True, create_clusters=False, cluster_iter=20, polynomial_features=False, polynomial_degree=2, trigonometry_features=False, polynomial_threshold=0.1, group_features=None, group_names=None, feature_selection=False, feature_selection_threshold=0.8, feature_selection_method=classic, feature_interaction=False, feature_ratio=False, interaction_threshold=0.01, fix_imbalance=True, fix_imbalance_method=None, transform_target=False, transform_target_method=box-cox, data_split_shuffle=True, data_split_stratify=False, fold_strategy=stratifiedkfold, fold=10, fold_shuffle=False, fold_groups=None, n_jobs=-1, use_gpu=True, custom_pipeline=None, html=True, session_id=1, log_experiment=False, experiment_name=model_exp02, experiment_custom_tags=None, log_plots=False, log_profile=False, log_data=False, silent=False, verbose=True, profile=False, profile_kwargs=None, display=None)
2022-11-28 16:12:16,766:INFO:Checking environment
2022-11-28 16:12:16,766:INFO:python_version: 3.8.12
2022-11-28 16:12:16,766:INFO:python_build: ('default', 'Oct 12 2021 21:59:51')
2022-11-28 16:12:16,766:INFO:machine: x86_64
2022-11-28 16:12:16,766:INFO:platform: Linux-5.4.0-97-generic-x86_64-with-glibc2.10
2022-11-28 16:12:16,766:INFO:Memory: svmem(total=236280803328, available=216802336768, percent=8.2, used=17882894336, free=96279539712, active=39332732928, inactive=83176280064, buffers=710090752, cached=121408278528, shared=28631040, slab=11641143296)
2022-11-28 16:12:16,768:INFO:Physical Core: 32
2022-11-28 16:12:16,768:INFO:Logical Core: 64
2022-11-28 16:12:16,768:INFO:Checking libraries
2022-11-28 16:12:16,768:INFO:pd==1.4.3
2022-11-28 16:12:16,768:INFO:numpy==1.22.2
2022-11-28 16:12:16,768:INFO:sklearn==0.23.2
2022-11-28 16:12:16,768:INFO:lightgbm==3.3.2
2022-11-28 16:12:16,769:WARNING:catboost not found
2022-11-28 16:12:16,783:INFO:xgboost==1.5.0
2022-11-28 16:12:16,783:INFO:mlflow==1.26.1
2022-11-28 16:12:16,784:INFO:Checking Exceptions
2022-11-28 16:12:16,784:INFO:Declaring global variables
2022-11-28 16:12:16,784:INFO:USI: 3236
2022-11-28 16:12:16,784:INFO:pycaret_globals: {'stratify_param', 'html_param', 'master_model_container', 'fold_shuffle_param', '_all_metrics', 'fold_groups_param', 'fold_param', 'transform_target_method_param', 'X', '_available_plots', 'imputation_classifier', '_ml_usecase', 'imputation_regressor', 'display_container', 'fix_imbalance_param', 'y_test', 'y_train', 'experiment__', '_all_models', 'fix_imbalance_method_param', 'transform_target_param', 'logging_param', 'pycaret_globals', '_gpu_n_jobs_param', '_internal_pipeline', 'create_model_container', 'USI', 'gpu_param', 'log_plots_param', 'exp_name_log', 'data_before_preprocess', 'target_param', 'X_train', 'prep_pipe', 'dashboard_logger', 'n_jobs_param', 'fold_groups_param_full', 'fold_generator', 'y', '_all_models_internal', 'X_test', 'seed', 'iterative_imputation_iters_param'}
2022-11-28 16:12:16,784:INFO:Preparing display monitor
2022-11-28 16:12:16,784:INFO:Preparing display monitor
2022-11-28 16:12:16,802:INFO:Importing libraries
2022-11-28 16:12:16,802:INFO:Copying data for preprocessing
2022-11-28 16:12:16,811:INFO:Declaring preprocessing parameters
2022-11-28 16:12:16,813:WARNING:cuML not found
2022-11-28 16:12:16,813:WARNING:cuML is outdated or not found. Required version is >=0.15, got 1.5.0
2022-11-28 16:12:16,815:INFO:Creating preprocessing pipeline
2022-11-28 16:12:16,843:INFO:Preprocessing pipeline created successfully
2022-11-28 16:12:16,843:ERROR:(Process Exit): setup has been interupted with user command 'quit'. setup must rerun.
2022-11-28 16:12:16,844:INFO:Creating global containers
2022-11-28 16:12:16,845:INFO:Internal pipeline: Pipeline(memory=None,
         steps=[('fix_imbalance',
                 SMOTE(k_neighbors=5, n_jobs=None, random_state=1,
                       sampling_strategy='auto'))],
         verbose=False)
2022-11-28 16:15:49,660:INFO:PyCaret Supervised Module
2022-11-28 16:15:49,660:INFO:ML Usecase: classification
2022-11-28 16:15:49,660:INFO:version 2.3.8
2022-11-28 16:15:49,660:INFO:Initializing setup()
2022-11-28 16:15:49,660:INFO:setup(target=reviews_text_cleaned, ml_usecase=classification, available_plots={'parameter': 'Hyperparameters', 'auc': 'AUC', 'confusion_matrix': 'Confusion Matrix', 'threshold': 'Threshold', 'pr': 'Precision Recall', 'error': 'Prediction Error', 'class_report': 'Class Report', 'rfe': 'Feature Selection', 'learning': 'Learning Curve', 'manifold': 'Manifold Learning', 'calibration': 'Calibration Curve', 'vc': 'Validation Curve', 'dimension': 'Dimensions', 'feature': 'Feature Importance', 'feature_all': 'Feature Importance (All)', 'boundary': 'Decision Boundary', 'lift': 'Lift Chart', 'gain': 'Gain Chart', 'tree': 'Decision Tree', 'ks': 'KS Statistic Plot'}, train_size=0.85, test_data=None, preprocess=True, imputation_type=simple, iterative_imputation_iters=5, categorical_features=None, categorical_imputation=constant, categorical_iterative_imputer=lightgbm, ordinal_features=None, high_cardinality_features=None, high_cardinality_method=frequency, numeric_features=None, numeric_imputation=mean, numeric_iterative_imputer=lightgbm, date_features=None, ignore_features=None, normalize=False, normalize_method=zscore, transformation=False, transformation_method=yeo-johnson, handle_unknown_categorical=True, unknown_categorical_method=least_frequent, pca=False, pca_method=linear, pca_components=None, ignore_low_variance=False, combine_rare_levels=False, rare_level_threshold=0.1, bin_numeric_features=None, remove_outliers=False, outliers_threshold=0.05, remove_multicollinearity=False, multicollinearity_threshold=0.9, remove_perfect_collinearity=True, create_clusters=False, cluster_iter=20, polynomial_features=False, polynomial_degree=2, trigonometry_features=False, polynomial_threshold=0.1, group_features=None, group_names=None, feature_selection=False, feature_selection_threshold=0.8, feature_selection_method=classic, feature_interaction=False, feature_ratio=False, interaction_threshold=0.01, fix_imbalance=True, fix_imbalance_method=None, transform_target=False, transform_target_method=box-cox, data_split_shuffle=True, data_split_stratify=False, fold_strategy=stratifiedkfold, fold=10, fold_shuffle=False, fold_groups=None, n_jobs=-1, use_gpu=True, custom_pipeline=None, html=True, session_id=1, log_experiment=False, experiment_name=model_exp02, experiment_custom_tags=None, log_plots=False, log_profile=False, log_data=False, silent=False, verbose=True, profile=False, profile_kwargs=None, display=None)
2022-11-28 16:15:49,660:INFO:Checking environment
2022-11-28 16:15:49,660:INFO:python_version: 3.8.12
2022-11-28 16:15:49,660:INFO:python_build: ('default', 'Oct 12 2021 21:59:51')
2022-11-28 16:15:49,660:INFO:machine: x86_64
2022-11-28 16:15:49,660:INFO:platform: Linux-5.4.0-97-generic-x86_64-with-glibc2.10
2022-11-28 16:15:49,660:INFO:Memory: svmem(total=236280803328, available=216782585856, percent=8.3, used=17902546944, free=96263532544, active=39349243904, inactive=83183353856, buffers=710275072, cached=121404448768, shared=28676096, slab=11634716672)
2022-11-28 16:15:49,662:INFO:Physical Core: 32
2022-11-28 16:15:49,662:INFO:Logical Core: 64
2022-11-28 16:15:49,662:INFO:Checking libraries
2022-11-28 16:15:49,662:INFO:pd==1.4.3
2022-11-28 16:15:49,662:INFO:numpy==1.22.2
2022-11-28 16:15:49,662:INFO:sklearn==0.23.2
2022-11-28 16:15:49,663:INFO:lightgbm==3.3.2
2022-11-28 16:15:49,663:WARNING:catboost not found
2022-11-28 16:15:49,677:INFO:xgboost==1.5.0
2022-11-28 16:15:49,678:INFO:mlflow==1.26.1
2022-11-28 16:15:49,678:INFO:Checking Exceptions
2022-11-28 16:15:49,678:INFO:Declaring global variables
2022-11-28 16:15:49,678:INFO:USI: 6e1d
2022-11-28 16:15:49,678:INFO:pycaret_globals: {'experiment__', 'n_jobs_param', 'transform_target_method_param', 'html_param', 'fold_param', '_gpu_n_jobs_param', '_all_metrics', 'USI', 'pycaret_globals', '_all_models_internal', 'fold_groups_param', '_ml_usecase', 'prep_pipe', '_all_models', 'transform_target_param', 'display_container', 'gpu_param', 'iterative_imputation_iters_param', 'X_test', 'stratify_param', 'y_test', 'imputation_classifier', 'X', 'logging_param', 'dashboard_logger', 'create_model_container', 'exp_name_log', 'imputation_regressor', 'fix_imbalance_param', '_available_plots', 'fix_imbalance_method_param', 'log_plots_param', '_internal_pipeline', 'y', 'y_train', 'data_before_preprocess', 'master_model_container', 'seed', 'X_train', 'fold_shuffle_param', 'target_param', 'fold_groups_param_full', 'fold_generator'}
2022-11-28 16:15:49,678:INFO:Preparing display monitor
2022-11-28 16:15:49,678:INFO:Preparing display monitor
2022-11-28 16:15:49,696:INFO:Importing libraries
2022-11-28 16:15:49,696:INFO:Copying data for preprocessing
2022-11-28 16:15:49,705:INFO:Declaring preprocessing parameters
2022-11-28 16:15:49,708:WARNING:cuML not found
2022-11-28 16:15:49,708:WARNING:cuML is outdated or not found. Required version is >=0.15, got 1.5.0
2022-11-28 16:15:49,709:INFO:Creating preprocessing pipeline
2022-11-28 16:15:49,738:INFO:Preprocessing pipeline created successfully
2022-11-28 16:15:49,739:ERROR:(Process Exit): setup has been interupted with user command 'quit'. setup must rerun.
2022-11-28 16:15:49,739:INFO:Creating global containers
2022-11-28 16:15:49,740:INFO:Internal pipeline: Pipeline(memory=None,
         steps=[('fix_imbalance',
                 SMOTE(k_neighbors=5, n_jobs=None, random_state=1,
                       sampling_strategy='auto'))],
         verbose=False)
2022-11-28 16:30:40,626:INFO:PyCaret Supervised Module
2022-11-28 16:30:40,626:INFO:ML Usecase: classification
2022-11-28 16:30:40,626:INFO:version 2.3.8
2022-11-28 16:30:40,626:INFO:Initializing setup()
2022-11-28 16:30:40,626:INFO:setup(target=reviews_text_cleaned, ml_usecase=classification, available_plots={'parameter': 'Hyperparameters', 'auc': 'AUC', 'confusion_matrix': 'Confusion Matrix', 'threshold': 'Threshold', 'pr': 'Precision Recall', 'error': 'Prediction Error', 'class_report': 'Class Report', 'rfe': 'Feature Selection', 'learning': 'Learning Curve', 'manifold': 'Manifold Learning', 'calibration': 'Calibration Curve', 'vc': 'Validation Curve', 'dimension': 'Dimensions', 'feature': 'Feature Importance', 'feature_all': 'Feature Importance (All)', 'boundary': 'Decision Boundary', 'lift': 'Lift Chart', 'gain': 'Gain Chart', 'tree': 'Decision Tree', 'ks': 'KS Statistic Plot'}, train_size=0.85, test_data=None, preprocess=True, imputation_type=simple, iterative_imputation_iters=5, categorical_features=None, categorical_imputation=constant, categorical_iterative_imputer=lightgbm, ordinal_features=None, high_cardinality_features=None, high_cardinality_method=frequency, numeric_features=None, numeric_imputation=mean, numeric_iterative_imputer=lightgbm, date_features=None, ignore_features=None, normalize=False, normalize_method=zscore, transformation=False, transformation_method=yeo-johnson, handle_unknown_categorical=True, unknown_categorical_method=least_frequent, pca=False, pca_method=linear, pca_components=None, ignore_low_variance=False, combine_rare_levels=False, rare_level_threshold=0.1, bin_numeric_features=None, remove_outliers=False, outliers_threshold=0.05, remove_multicollinearity=False, multicollinearity_threshold=0.9, remove_perfect_collinearity=True, create_clusters=False, cluster_iter=20, polynomial_features=False, polynomial_degree=2, trigonometry_features=False, polynomial_threshold=0.1, group_features=None, group_names=None, feature_selection=False, feature_selection_threshold=0.8, feature_selection_method=classic, feature_interaction=False, feature_ratio=False, interaction_threshold=0.01, fix_imbalance=True, fix_imbalance_method=None, transform_target=False, transform_target_method=box-cox, data_split_shuffle=True, data_split_stratify=False, fold_strategy=stratifiedkfold, fold=10, fold_shuffle=False, fold_groups=None, n_jobs=-1, use_gpu=True, custom_pipeline=None, html=True, session_id=1, log_experiment=False, experiment_name=model_exp02, experiment_custom_tags=None, log_plots=False, log_profile=False, log_data=False, silent=False, verbose=True, profile=False, profile_kwargs=None, display=None)
2022-11-28 16:30:40,626:INFO:Checking environment
2022-11-28 16:30:40,626:INFO:python_version: 3.8.12
2022-11-28 16:30:40,626:INFO:python_build: ('default', 'Oct 12 2021 21:59:51')
2022-11-28 16:30:40,626:INFO:machine: x86_64
2022-11-28 16:30:40,626:INFO:platform: Linux-5.4.0-97-generic-x86_64-with-glibc2.10
2022-11-28 16:30:40,626:INFO:Memory: svmem(total=236280803328, available=215490093056, percent=8.8, used=19195867136, free=94967529472, active=40556625920, inactive=83181776896, buffers=711073792, cached=121406332928, shared=28876800, slab=11711172608)
2022-11-28 16:30:40,628:INFO:Physical Core: 32
2022-11-28 16:30:40,628:INFO:Logical Core: 64
2022-11-28 16:30:40,628:INFO:Checking libraries
2022-11-28 16:30:40,628:INFO:pd==1.4.3
2022-11-28 16:30:40,628:INFO:numpy==1.22.2
2022-11-28 16:30:40,628:INFO:sklearn==0.23.2
2022-11-28 16:30:40,628:INFO:lightgbm==3.3.2
2022-11-28 16:30:40,629:WARNING:catboost not found
2022-11-28 16:30:40,644:INFO:xgboost==1.5.0
2022-11-28 16:30:40,644:INFO:mlflow==1.26.1
2022-11-28 16:30:40,644:INFO:Checking Exceptions
2022-11-28 16:30:40,644:INFO:Declaring global variables
2022-11-28 16:30:40,644:INFO:USI: 9ccb
2022-11-28 16:30:40,644:INFO:pycaret_globals: {'logging_param', 'y_test', 'master_model_container', 'stratify_param', 'dashboard_logger', '_ml_usecase', '_all_models', 'display_container', 'create_model_container', 'gpu_param', '_gpu_n_jobs_param', 'fold_generator', 'fix_imbalance_param', 'X_train', 'log_plots_param', 'fold_groups_param_full', 'exp_name_log', 'n_jobs_param', '_all_models_internal', 'fold_param', '_available_plots', 'fold_groups_param', 'X_test', 'html_param', 'USI', 'pycaret_globals', 'y', 'imputation_regressor', '_internal_pipeline', 'data_before_preprocess', 'fold_shuffle_param', '_all_metrics', 'experiment__', 'seed', 'y_train', 'imputation_classifier', 'transform_target_method_param', 'fix_imbalance_method_param', 'target_param', 'iterative_imputation_iters_param', 'transform_target_param', 'prep_pipe', 'X'}
2022-11-28 16:30:40,644:INFO:Preparing display monitor
2022-11-28 16:30:40,644:INFO:Preparing display monitor
2022-11-28 16:30:40,663:INFO:Importing libraries
2022-11-28 16:30:40,663:INFO:Copying data for preprocessing
2022-11-28 16:30:40,672:INFO:Declaring preprocessing parameters
2022-11-28 16:30:40,674:WARNING:cuML not found
2022-11-28 16:30:40,675:WARNING:cuML is outdated or not found. Required version is >=0.15, got 1.5.0
2022-11-28 16:30:40,676:INFO:Creating preprocessing pipeline
2022-11-28 16:30:40,705:INFO:Preprocessing pipeline created successfully
2022-11-28 16:30:40,705:ERROR:(Process Exit): setup has been interupted with user command 'quit'. setup must rerun.
2022-11-28 16:30:40,705:INFO:Creating global containers
2022-11-28 16:30:40,707:INFO:Internal pipeline: Pipeline(memory=None,
         steps=[('fix_imbalance',
                 SMOTE(k_neighbors=5, n_jobs=None, random_state=1,
                       sampling_strategy='auto'))],
         verbose=False)
